  main.c
C:\Users\ericg\Developer\C-Projects\CLang-book-chapter07\CLang-book-chapter07\main.c(59,30): warning C4244:  'function': conversion from 'int' to 'float', possible loss of data
C:\Users\ericg\Developer\C-Projects\CLang-book-chapter07\CLang-book-chapter07\main.c(148,18): warning C4013:  'displayMatrix' undefined; assuming extern returning int
C:\Users\ericg\Developer\C-Projects\CLang-book-chapter07\CLang-book-chapter07\main.c(150,19): warning C4013:  'scalarMultiply' undefined; assuming extern returning int
  prog7-14.c
C:\Users\ericg\Developer\C-Projects\CLang-book-chapter07\CLang-book-chapter07\main.c(207,12): warning C4013:  'scanf_f' undefined; assuming extern returning int
C:\Users\ericg\Developer\C-Projects\CLang-book-chapter07\CLang-book-chapter07\prog7-14.c(13,59): error C2057:  expected constant expression
C:\Users\ericg\Developer\C-Projects\CLang-book-chapter07\CLang-book-chapter07\prog7-14.c(13,59): error C2466:  cannot allocate an array of constant size 0
C:\Users\ericg\Developer\C-Projects\CLang-book-chapter07\CLang-book-chapter07\prog7-14.c(13,66): error C2057:  expected constant expression
C:\Users\ericg\Developer\C-Projects\CLang-book-chapter07\CLang-book-chapter07\prog7-14.c(13,66): error C2466:  cannot allocate an array of constant size 0
C:\Users\ericg\Developer\C-Projects\CLang-book-chapter07\CLang-book-chapter07\prog7-14.c(13,66): error C2087:  'matrix': missing subscript
C:\Users\ericg\Developer\C-Projects\CLang-book-chapter07\CLang-book-chapter07\prog7-14.c(23,58): error C2057:  expected constant expression
C:\Users\ericg\Developer\C-Projects\CLang-book-chapter07\CLang-book-chapter07\prog7-14.c(23,58): error C2466:  cannot allocate an array of constant size 0
C:\Users\ericg\Developer\C-Projects\CLang-book-chapter07\CLang-book-chapter07\prog7-14.c(23,65): error C2057:  expected constant expression
C:\Users\ericg\Developer\C-Projects\CLang-book-chapter07\CLang-book-chapter07\prog7-14.c(23,65): error C2466:  cannot allocate an array of constant size 0
  prog7-ex12.c
C:\Users\ericg\Developer\C-Projects\CLang-book-chapter07\CLang-book-chapter07\prog7-14.c(23,65): error C2087:  'matrix': missing subscript
C:\Users\ericg\Developer\C-Projects\CLang-book-chapter07\CLang-book-chapter07\prog7-ex12.c(14,33): error C2057:  expected constant expression
C:\Users\ericg\Developer\C-Projects\CLang-book-chapter07\CLang-book-chapter07\prog7-ex12.c(14,33): error C2466:  cannot allocate an array of constant size 0
C:\Users\ericg\Developer\C-Projects\CLang-book-chapter07\CLang-book-chapter07\prog7-ex12.c(14,47): error C2057:  expected constant expression
C:\Users\ericg\Developer\C-Projects\CLang-book-chapter07\CLang-book-chapter07\prog7-ex12.c(14,47): error C2466:  cannot allocate an array of constant size 0
C:\Users\ericg\Developer\C-Projects\CLang-book-chapter07\CLang-book-chapter07\prog7-ex12.c(14,47): error C2087:  'newArray': missing subscript
  Generating Code...
C:\Users\ericg\Developer\C-Projects\CLang-book-chapter07\CLang-book-chapter07\prog7-ex12.c(14,48): error C2133:  'newArray': unknown size
